# JRE version: OpenJDK Runtime Environment (11.0.15) (build 11.0.15+0-b2043.56-9505619)
# Java VM: OpenJDK 64-Bit Server VM (11.0.15+0-b2043.56-9505619, mixed mode, tiered, compressed oops, g1 gc, windows-amd64)
Heap:
 garbage-first heap   total 81920K, used 41297K [0x0000000080000000, 0x0000000100000000)
  region size 1024K, 2 young (2048K), 2 survivors (2048K)
 Metaspace       used 49754K, capacity 51064K, committed 51120K, reserved 1093632K
  class space    used 6325K, capacity 6858K, committed 6912K, reserved 1048576K
GC Heap History (20 events):
Event: 26.047 GC heap after
{Heap after GC invocations=19 (full 0):
 garbage-first heap   total 55296K, used 28269K [0x0000000080000000, 0x0000000100000000)
  region size 1024K, 2 young (2048K), 2 survivors (2048K)
 Metaspace       used 40782K, capacity 41743K, committed 41904K, reserved 1085440K
  class space    used 5152K, capacity 5521K, committed 5632K, reserved 1048576K
}
Event: 26.633 GC heap before
{Heap before GC invocations=19 (full 0):
 garbage-first heap   total 55296K, used 43629K [0x0000000080000000, 0x0000000100000000)
  region size 1024K, 17 young (17408K), 2 survivors (2048K)
 Metaspace       used 41732K, capacity 42722K, committed 43056K, reserved 1087488K
  class space    used 5291K, capacity 5676K, committed 5760K, reserved 1048576K
}
Event: 26.654 GC heap after
{Heap after GC invocations=20 (full 0):
 garbage-first heap   total 55296K, used 29686K [0x0000000080000000, 0x0000000100000000)
  region size 1024K, 3 young (3072K), 3 survivors (3072K)
 Metaspace       used 41732K, capacity 42722K, committed 43056K, reserved 1087488K
  class space    used 5291K, capacity 5676K, committed 5760K, reserved 1048576K
}
Event: 27.202 GC heap before
{Heap before GC invocations=21 (full 0):
 garbage-first heap   total 55296K, used 44022K [0x0000000080000000, 0x0000000100000000)
  region size 1024K, 17 young (17408K), 3 survivors (3072K)
 Metaspace       used 42876K, capacity 43824K, committed 43952K, reserved 1087488K
  class space    used 5478K, capacity 5887K, committed 5888K, reserved 1048576K
}
Event: 27.208 GC heap after
{Heap after GC invocations=22 (full 0):
 garbage-first heap   total 55296K, used 30129K [0x0000000080000000, 0x0000000100000000)
  region size 1024K, 2 young (2048K), 2 survivors (2048K)
 Metaspace       used 42876K, capacity 43824K, committed 43952K, reserved 1087488K
  class space    used 5478K, capacity 5887K, committed 5888K, reserved 1048576K
}
Event: 27.641 GC heap before
{Heap before GC invocations=22 (full 0):
 garbage-first heap   total 55296K, used 42417K [0x0000000080000000, 0x0000000100000000)
  region size 1024K, 16 young (16384K), 2 survivors (2048K)
 Metaspace       used 44147K, capacity 45185K, committed 45488K, reserved 1089536K
  class space    used 5659K, capacity 6064K, committed 6144K, reserved 1048576K
}
Event: 27.655 GC heap after
{Heap after GC invocations=23 (full 0):
 garbage-first heap   total 55296K, used 31254K [0x0000000080000000, 0x0000000100000000)
  region size 1024K, 2 young (2048K), 2 survivors (2048K)
 Metaspace       used 44147K, capacity 45185K, committed 45488K, reserved 1089536K
  class space    used 5659K, capacity 6064K, committed 6144K, reserved 1048576K
}
Event: 28.162 GC heap before
{Heap before GC invocations=24 (full 0):
 garbage-first heap   total 55296K, used 45590K [0x0000000080000000, 0x0000000100000000)
  region size 1024K, 15 young (15360K), 2 survivors (2048K)
 Metaspace       used 45693K, capacity 46700K, committed 46896K, reserved 1089536K
  class space    used 5810K, capacity 6224K, committed 6272K, reserved 1048576K
}
Event: 28.168 GC heap after
{Heap after GC invocations=25 (full 0):
 garbage-first heap   total 67584K, used 31445K [0x0000000080000000, 0x0000000100000000)
  region size 1024K, 2 young (2048K), 2 survivors (2048K)
 Metaspace       used 45693K, capacity 46700K, committed 46896K, reserved 1089536K
  class space    used 5810K, capacity 6224K, committed 6272K, reserved 1048576K
}
Event: 28.621 GC heap before
{Heap before GC invocations=25 (full 0):
 garbage-first heap   total 67584K, used 49877K [0x0000000080000000, 0x0000000100000000)
  region size 1024K, 20 young (20480K), 2 survivors (2048K)
 Metaspace       used 47023K, capacity 48165K, committed 48432K, reserved 1091584K
  class space    used 6001K, capacity 6416K, committed 6528K, reserved 1048576K
}
Event: 28.626 GC heap after
{Heap after GC invocations=26 (full 0):
 garbage-first heap   total 67584K, used 31637K [0x0000000080000000, 0x0000000100000000)
  region size 1024K, 2 young (2048K), 2 survivors (2048K)
 Metaspace       used 47023K, capacity 48165K, committed 48432K, reserved 1091584K
  class space    used 6001K, capacity 6416K, committed 6528K, reserved 1048576K
}
Event: 29.146 GC heap before
{Heap before GC invocations=27 (full 0):
 garbage-first heap   total 67584K, used 50069K [0x0000000080000000, 0x0000000100000000)
  region size 1024K, 20 young (20480K), 2 survivors (2048K)
 Metaspace       used 48469K, capacity 49613K, committed 49712K, reserved 1091584K
  class space    used 6212K, capacity 6688K, committed 6784K, reserved 1048576K
}
Event: 29.151 GC heap after
{Heap after GC invocations=28 (full 0):
 garbage-first heap   total 67584K, used 32262K [0x0000000080000000, 0x0000000100000000)
  region size 1024K, 2 young (2048K), 2 survivors (2048K)
 Metaspace       used 48469K, capacity 49613K, committed 49712K, reserved 1091584K
  class space    used 6212K, capacity 6688K, committed 6784K, reserved 1048576K
}
Event: 29.922 GC heap before
{Heap before GC invocations=28 (full 0):
 garbage-first heap   total 67584K, used 51718K [0x0000000080000000, 0x0000000100000000)
  region size 1024K, 21 young (21504K), 2 survivors (2048K)
 Metaspace       used 49121K, capacity 50357K, committed 50480K, reserved 1093632K
  class space    used 6266K, capacity 6784K, committed 6784K, reserved 1048576K
}
Event: 29.930 GC heap after
{Heap after GC invocations=29 (full 0):
 garbage-first heap   total 67584K, used 33398K [0x0000000080000000, 0x0000000100000000)
  region size 1024K, 3 young (3072K), 3 survivors (3072K)
 Metaspace       used 49121K, capacity 50357K, committed 50480K, reserved 1093632K
  class space    used 6266K, capacity 6784K, committed 6784K, reserved 1048576K
}
Event: 30.629 GC heap before
{Heap before GC invocations=30 (full 0):
 garbage-first heap   total 67584K, used 48758K [0x0000000080000000, 0x0000000100000000)
  region size 1024K, 20 young (20480K), 3 survivors (3072K)
 Metaspace       used 49596K, capacity 50818K, committed 51120K, reserved 1093632K
  class space    used 6310K, capacity 6816K, committed 6912K, reserved 1048576K
}
Event: 30.637 GC heap after
{Heap after GC invocations=31 (full 0):
 garbage-first heap   total 67584K, used 35091K [0x0000000080000000, 0x0000000100000000)
  region size 1024K, 3 young (3072K), 3 survivors (3072K)
 Metaspace       used 49596K, capacity 50818K, committed 51120K, reserved 1093632K
  class space    used 6310K, capacity 6816K, committed 6912K, reserved 1048576K
}
Event: 30.762 GC heap before
{Heap before GC invocations=32 (full 0):
 garbage-first heap   total 67584K, used 37139K [0x0000000080000000, 0x0000000100000000)
  region size 1024K, 6 young (6144K), 3 survivors (3072K)
 Metaspace       used 49750K, capacity 51064K, committed 51120K, reserved 1093632K
  class space    used 6325K, capacity 6858K, committed 6912K, reserved 1048576K
}
Event: 30.768 GC heap after
{Heap after GC invocations=33 (full 0):
 garbage-first heap   total 67584K, used 37567K [0x0000000080000000, 0x0000000100000000)
  region size 1024K, 2 young (2048K), 2 survivors (2048K)
 Metaspace       used 49750K, capacity 51064K, committed 51120K, reserved 1093632K
  class space    used 6325K, capacity 6858K, committed 6912K, reserved 1048576K
}
Event: 30.970 GC heap before
{Heap before GC invocations=34 (full 0):
 garbage-first heap   total 67584K, used 40639K [0x0000000080000000, 0x0000000100000000)
  region size 1024K, 6 young (6144K), 2 survivors (2048K)
 Metaspace       used 49754K, capacity 51064K, committed 51120K, reserved 1093632K
  class space    used 6325K, capacity 6858K, committed 6912K, reserved 1048576K
}

