# JRE version: OpenJDK Runtime Environment (11.0.15) (build 11.0.15+0-b2043.56-9505619)
# Java VM: OpenJDK 64-Bit Server VM (11.0.15+0-b2043.56-9505619, mixed mode, tiered, compressed oops, g1 gc, windows-amd64)
Heap:
 garbage-first heap   total 251904K, used 126191K [0x0000000080000000, 0x0000000100000000)
  region size 1024K, 12 young (12288K), 3 survivors (3072K)
 Metaspace       used 141622K, capacity 146637K, committed 147248K, reserved 1177600K
  class space    used 17307K, capacity 19087K, committed 19584K, reserved 1048576K
GC Heap History (20 events):
Event: 9723.575 GC heap before
{Heap before GC invocations=199 (full 0):
 garbage-first heap   total 251904K, used 115798K [0x0000000080000000, 0x0000000100000000)
  region size 1024K, 12 young (12288K), 8 survivors (8192K)
 Metaspace       used 141135K, capacity 146133K, committed 146736K, reserved 1177600K
  class space    used 17303K, capacity 19083K, committed 19584K, reserved 1048576K
}
Event: 9723.687 GC heap after
{Heap after GC invocations=200 (full 0):
 garbage-first heap   total 251904K, used 113839K [0x0000000080000000, 0x0000000100000000)
  region size 1024K, 2 young (2048K), 2 survivors (2048K)
 Metaspace       used 141135K, capacity 146133K, committed 146736K, reserved 1177600K
  class space    used 17303K, capacity 19083K, committed 19584K, reserved 1048576K
}
Event: 9725.458 GC heap before
{Heap before GC invocations=200 (full 0):
 garbage-first heap   total 251904K, used 147631K [0x0000000080000000, 0x0000000100000000)
  region size 1024K, 37 young (37888K), 2 survivors (2048K)
 Metaspace       used 141223K, capacity 146142K, committed 146736K, reserved 1177600K
  class space    used 17303K, capacity 19083K, committed 19584K, reserved 1048576K
}
Event: 9725.505 GC heap after
{Heap after GC invocations=201 (full 0):
 garbage-first heap   total 251904K, used 117507K [0x0000000080000000, 0x0000000100000000)
  region size 1024K, 6 young (6144K), 6 survivors (6144K)
 Metaspace       used 141223K, capacity 146142K, committed 146736K, reserved 1177600K
  class space    used 17303K, capacity 19083K, committed 19584K, reserved 1048576K
}
Event: 9790.652 GC heap before
{Heap before GC invocations=202 (full 0):
 garbage-first heap   total 251904K, used 172803K [0x0000000080000000, 0x0000000100000000)
  region size 1024K, 55 young (56320K), 6 survivors (6144K)
 Metaspace       used 141314K, capacity 146272K, committed 146992K, reserved 1177600K
  class space    used 17304K, capacity 19083K, committed 19584K, reserved 1048576K
}
Event: 9790.818 GC heap after
{Heap after GC invocations=203 (full 0):
 garbage-first heap   total 251904K, used 120572K [0x0000000080000000, 0x0000000100000000)
  region size 1024K, 6 young (6144K), 6 survivors (6144K)
 Metaspace       used 141314K, capacity 146272K, committed 146992K, reserved 1177600K
  class space    used 17304K, capacity 19083K, committed 19584K, reserved 1048576K
}
Event: 9791.415 GC heap before
{Heap before GC invocations=203 (full 0):
 garbage-first heap   total 251904K, used 127740K [0x0000000080000000, 0x0000000100000000)
  region size 1024K, 12 young (12288K), 6 survivors (6144K)
 Metaspace       used 141320K, capacity 146272K, committed 146992K, reserved 1177600K
  class space    used 17304K, capacity 19083K, committed 19584K, reserved 1048576K
}
Event: 9791.586 GC heap after
{Heap after GC invocations=204 (full 0):
 garbage-first heap   total 251904K, used 117636K [0x0000000080000000, 0x0000000100000000)
  region size 1024K, 2 young (2048K), 2 survivors (2048K)
 Metaspace       used 141320K, capacity 146272K, committed 146992K, reserved 1177600K
  class space    used 17304K, capacity 19083K, committed 19584K, reserved 1048576K
}
Event: 9792.064 GC heap before
{Heap before GC invocations=204 (full 0):
 garbage-first heap   total 251904K, used 126852K [0x0000000080000000, 0x0000000100000000)
  region size 1024K, 12 young (12288K), 2 survivors (2048K)
 Metaspace       used 141320K, capacity 146272K, committed 146992K, reserved 1177600K
  class space    used 17304K, capacity 19083K, committed 19584K, reserved 1048576K
}
Event: 9792.094 GC heap after
{Heap after GC invocations=205 (full 0):
 garbage-first heap   total 251904K, used 119392K [0x0000000080000000, 0x0000000100000000)
  region size 1024K, 2 young (2048K), 2 survivors (2048K)
 Metaspace       used 141320K, capacity 146272K, committed 146992K, reserved 1177600K
  class space    used 17304K, capacity 19083K, committed 19584K, reserved 1048576K
}
Event: 9793.567 GC heap before
{Heap before GC invocations=205 (full 0):
 garbage-first heap   total 251904K, used 153184K [0x0000000080000000, 0x0000000100000000)
  region size 1024K, 36 young (36864K), 2 survivors (2048K)
 Metaspace       used 141417K, capacity 146361K, committed 146992K, reserved 1177600K
  class space    used 17305K, capacity 19086K, committed 19584K, reserved 1048576K
}
Event: 9793.633 GC heap after
{Heap after GC invocations=206 (full 0):
 garbage-first heap   total 251904K, used 123889K [0x0000000080000000, 0x0000000100000000)
  region size 1024K, 7 young (7168K), 7 survivors (7168K)
 Metaspace       used 141417K, capacity 146361K, committed 146992K, reserved 1177600K
  class space    used 17305K, capacity 19086K, committed 19584K, reserved 1048576K
}
Event: 9891.900 GC heap before
{Heap before GC invocations=207 (full 0):
 garbage-first heap   total 251904K, used 179185K [0x0000000080000000, 0x0000000100000000)
  region size 1024K, 55 young (56320K), 7 survivors (7168K)
 Metaspace       used 141462K, capacity 146493K, committed 146992K, reserved 1177600K
  class space    used 17306K, capacity 19086K, committed 19584K, reserved 1048576K
}
Event: 9892.053 GC heap after
{Heap after GC invocations=208 (full 0):
 garbage-first heap   total 251904K, used 128920K [0x0000000080000000, 0x0000000100000000)
  region size 1024K, 6 young (6144K), 6 survivors (6144K)
 Metaspace       used 141462K, capacity 146493K, committed 146992K, reserved 1177600K
  class space    used 17306K, capacity 19086K, committed 19584K, reserved 1048576K
}
Event: 9892.512 GC heap before
{Heap before GC invocations=208 (full 0):
 garbage-first heap   total 251904K, used 134040K [0x0000000080000000, 0x0000000100000000)
  region size 1024K, 12 young (12288K), 6 survivors (6144K)
 Metaspace       used 141464K, capacity 146493K, committed 146992K, reserved 1177600K
  class space    used 17306K, capacity 19086K, committed 19584K, reserved 1048576K
}
Event: 9892.683 GC heap after
{Heap after GC invocations=209 (full 0):
 garbage-first heap   total 251904K, used 117338K [0x0000000080000000, 0x0000000100000000)
  region size 1024K, 2 young (2048K), 2 survivors (2048K)
 Metaspace       used 141464K, capacity 146493K, committed 146992K, reserved 1177600K
  class space    used 17306K, capacity 19086K, committed 19584K, reserved 1048576K
}
Event: 9892.910 GC heap before
{Heap before GC invocations=209 (full 0):
 garbage-first heap   total 251904K, used 117338K [0x0000000080000000, 0x0000000100000000)
  region size 1024K, 3 young (3072K), 2 survivors (2048K)
 Metaspace       used 141465K, capacity 146493K, committed 146992K, reserved 1177600K
  class space    used 17306K, capacity 19086K, committed 19584K, reserved 1048576K
}
Event: 9892.947 GC heap after
{Heap after GC invocations=210 (full 0):
 garbage-first heap   total 251904K, used 117424K [0x0000000080000000, 0x0000000100000000)
  region size 1024K, 2 young (2048K), 2 survivors (2048K)
 Metaspace       used 141465K, capacity 146493K, committed 146992K, reserved 1177600K
  class space    used 17306K, capacity 19086K, committed 19584K, reserved 1048576K
}
Event: 9962.007 GC heap before
{Heap before GC invocations=211 (full 0):
 garbage-first heap   total 251904K, used 191152K [0x0000000080000000, 0x0000000100000000)
  region size 1024K, 57 young (58368K), 2 survivors (2048K)
 Metaspace       used 141612K, capacity 146637K, committed 147248K, reserved 1177600K
  class space    used 17307K, capacity 19087K, committed 19584K, reserved 1048576K
}
Event: 9962.124 GC heap after
{Heap after GC invocations=212 (full 0):
 garbage-first heap   total 251904K, used 119023K [0x0000000080000000, 0x0000000100000000)
  region size 1024K, 3 young (3072K), 3 survivors (3072K)
 Metaspace       used 141612K, capacity 146637K, committed 147248K, reserved 1177600K
  class space    used 17307K, capacity 19087K, committed 19584K, reserved 1048576K
}

